<?xml version="1.0" encoding="UTF-8"?>
<testng-results skipped="0" failed="0" ignored="0" total="1" passed="1">
  <reporter-output>
  </reporter-output>
  <suite name="Default suite" duration-ms="170" started-at="2023-03-16T21:26:30 IST" finished-at="2023-03-16T21:26:30 IST">
    <groups>
    </groups>
    <test name="Default test" duration-ms="170" started-at="2023-03-16T21:26:30 IST" finished-at="2023-03-16T21:26:30 IST">
      <class name="Automation.Test121">
        <test-method status="PASS" signature="AWE()[pri:0, instance:Automation.Test121@396e2f39]" name="AWE" duration-ms="28" started-at="2023-03-16T21:26:30 IST" finished-at="2023-03-16T21:26:30 IST">
          <reporter-output>
          </reporter-output>
        </test-method> <!-- AWE -->
      </class> <!-- Automation.Test121 -->
    </test> <!-- Default test -->
  </suite> <!-- Default suite -->
</testng-results>
